mktextfm IPAexMincho/OT
mktextfm IPAexMincho/OT
mktextfm IPAexGothic/OT
mktextfm IPAexGothic/I/OT
mktextfm IPAexMincho/OT
mktextfm IPAexMincho/BI/OT
mktextfm IPAexMincho/OT
mktextfm IPAexMincho/I/OT
mktextfm IPAexMincho/OT
mktextfm IPAexMincho/OT
mktextfm IPAexGothic/OT
mktextfm IPAexGothic/OT
mktextfm IPAexMincho/OT
mktextfm IPAexGothic/OT
mktextfm IPAexGothic/OT
mktextfm IPAexGothic/OT
mktextfm IPAexGothic/I/OT
mktextfm IPAexGothic/OT
mktextfm IPAexGothic/BI/OT
mktextfm IPAexGothic/OT
mktextfm IPAexGothic/I/OT
mktextfm IPAexGothic/OT
mktextfm IPAexGothic/OT
mktextfm IPAexGothic/OT
mktextfm IPAexGothic/OT
mktextfm IPAexGothic/OT
mktextfm IPAexGothic/OT
mktextfm IPAexGothic/OT
mktextfm IPAexGothic/OT
mktextfm IPAexMincho/OT
mktextfm IPAexMincho/OT
mktextfm IPAexMincho/OT
mktextfm IPAexGothic/OT
mktextfm IPAexGothic/I/OT
mktextfm IPAexMincho/OT
mktextfm IPAexMincho/BI/OT
mktextfm IPAexMincho/OT
mktextfm IPAexMincho/I/OT
mktextfm IPAexMincho/OT
mktextfm IPAexMincho/OT
mktextfm IPAexGothic/OT
mktextfm IPAexGothic/OT
mktextfm IPAexMincho/OT
mktextfm IPAexGothic/OT
mktextfm IPAexGothic/OT
mktextfm IPAexGothic/OT
mktextfm IPAexGothic/I/OT
mktextfm IPAexGothic/OT
mktextfm IPAexGothic/BI/OT
mktextfm IPAexGothic/OT
mktextfm IPAexGothic/I/OT
mktextfm IPAexGothic/OT
mktextfm IPAexGothic/OT
mktextfm IPAexGothic/OT
mktextfm IPAexGothic/OT
mktextfm IPAexGothic/OT
mktextfm IPAexGothic/OT
mktextfm IPAexGothic/OT
mktextfm IPAexGothic/OT
mktextfm IPAexMincho/OT
mktextfm IPAexMincho/OT
mktextfm IPAexGothic/OT
mktextfm IPAexGothic/I/OT
mktextfm IPAexMincho/OT
mktextfm IPAexMincho/BI/OT
mktextfm IPAexMincho/OT
mktextfm IPAexMincho/I/OT
mktextfm IPAexMincho/OT
